# JRE version: Java(TM) SE Runtime Environment (8.0_131-b11) (build 1.8.0_131-b11)
# Java VM: Java HotSpot(TM) 64-Bit Server VM (25.131-b11 mixed mode windows-amd64 compressed oops)
Heap:
 PSYoungGen      total 634880K, used 96318K [0x0000000740980000, 0x0000000769a00000, 0x00000007c0000000)
  eden space 598528K, 11% used [0x0000000740980000,0x0000000744aae1d8,0x0000000765200000)
  from space 36352K, 81% used [0x0000000767680000,0x0000000769361900,0x0000000769a00000)
  to   space 36864K, 0% used [0x0000000765200000,0x0000000765200000,0x0000000767600000)
 ParOldGen       total 259072K, used 219901K [0x0000000641c00000, 0x0000000651900000, 0x0000000740980000)
  object space 259072K, 84% used [0x0000000641c00000,0x000000064f2bf718,0x0000000651900000)
 Metaspace       used 82555K, capacity 83294K, committed 83584K, reserved 1120256K
  class space    used 11581K, capacity 11784K, committed 11904K, reserved 1048576K
GC Heap History (10 events):
Event: 64.361 GC heap before
{Heap before GC invocations=57 (full 3):
 PSYoungGen      total 635392K, used 632192K [0x0000000740980000, 0x0000000769a00000, 0x00000007c0000000)
  eden space 598528K, 100% used [0x0000000740980000,0x0000000765200000,0x0000000765200000)
  from space 36864K, 91% used [0x0000000765200000,0x00000007672e0000,0x0000000767600000)
  to   space 36352K, 0% used [0x0000000767680000,0x0000000767680000,0x0000000769a00000)
 ParOldGen       total 259072K, used 194180K [0x0000000641c00000, 0x0000000651900000, 0x0000000740980000)
  object space 259072K, 74% used [0x0000000641c00000,0x000000064d9a11e0,0x0000000651900000)
 Metaspace       used 80450K, capacity 81184K, committed 81408K, reserved 1120256K
  class space    used 11271K, capacity 11444K, committed 11520K, reserved 1048576K
Event: 64.382 GC heap after
Heap after GC invocations=57 (full 3):
 PSYoungGen      total 634880K, used 34240K [0x0000000740980000, 0x0000000769a00000, 0x00000007c0000000)
  eden space 598528K, 0% used [0x0000000740980000,0x0000000740980000,0x0000000765200000)
  from space 36352K, 94% used [0x0000000767680000,0x00000007697f0000,0x0000000769a00000)
  to   space 36864K, 0% used [0x0000000765200000,0x0000000765200000,0x0000000767600000)
 ParOldGen       total 259072K, used 197780K [0x0000000641c00000, 0x0000000651900000, 0x0000000740980000)
  object space 259072K, 76% used [0x0000000641c00000,0x000000064dd251e0,0x0000000651900000)
 Metaspace       used 80450K, capacity 81184K, committed 81408K, reserved 1120256K
  class space    used 11271K, capacity 11444K, committed 11520K, reserved 1048576K
}
Event: 65.364 GC heap before
{Heap before GC invocations=58 (full 3):
 PSYoungGen      total 634880K, used 632768K [0x0000000740980000, 0x0000000769a00000, 0x00000007c0000000)
  eden space 598528K, 100% used [0x0000000740980000,0x0000000765200000,0x0000000765200000)
  from space 36352K, 94% used [0x0000000767680000,0x00000007697f0000,0x0000000769a00000)
  to   space 36864K, 0% used [0x0000000765200000,0x0000000765200000,0x0000000767600000)
 ParOldGen       total 259072K, used 197780K [0x0000000641c00000, 0x0000000651900000, 0x0000000740980000)
  object space 259072K, 76% used [0x0000000641c00000,0x000000064dd251e0,0x0000000651900000)
 Metaspace       used 80450K, capacity 81184K, committed 81408K, reserved 1120256K
  class space    used 11271K, capacity 11444K, committed 11520K, reserved 1048576K
Event: 65.385 GC heap after
Heap after GC invocations=58 (full 3):
 PSYoungGen      total 635392K, used 35104K [0x0000000740980000, 0x0000000769a00000, 0x00000007c0000000)
  eden space 598528K, 0% used [0x0000000740980000,0x0000000740980000,0x0000000765200000)
  from space 36864K, 95% used [0x0000000765200000,0x0000000767448000,0x0000000767600000)
  to   space 36352K, 0% used [0x0000000767680000,0x0000000767680000,0x0000000769a00000)
 ParOldGen       total 259072K, used 201516K [0x0000000641c00000, 0x0000000651900000, 0x0000000740980000)
  object space 259072K, 77% used [0x0000000641c00000,0x000000064e0cb1e0,0x0000000651900000)
 Metaspace       used 80450K, capacity 81184K, committed 81408K, reserved 1120256K
  class space    used 11271K, capacity 11444K, committed 11520K, reserved 1048576K
}
Event: 66.413 GC heap before
{Heap before GC invocations=59 (full 3):
 PSYoungGen      total 635392K, used 633632K [0x0000000740980000, 0x0000000769a00000, 0x00000007c0000000)
  eden space 598528K, 100% used [0x0000000740980000,0x0000000765200000,0x0000000765200000)
  from space 36864K, 95% used [0x0000000765200000,0x0000000767448000,0x0000000767600000)
  to   space 36352K, 0% used [0x0000000767680000,0x0000000767680000,0x0000000769a00000)
 ParOldGen       total 259072K, used 201516K [0x0000000641c00000, 0x0000000651900000, 0x0000000740980000)
  object space 259072K, 77% used [0x0000000641c00000,0x000000064e0cb1e0,0x0000000651900000)
 Metaspace       used 80451K, capacity 81184K, committed 81408K, reserved 1120256K
  class space    used 11271K, capacity 11444K, committed 11520K, reserved 1048576K
Event: 66.432 GC heap after
Heap after GC invocations=59 (full 3):
 PSYoungGen      total 634880K, used 35168K [0x0000000740980000, 0x0000000769a00000, 0x00000007c0000000)
  eden space 598528K, 0% used [0x0000000740980000,0x0000000740980000,0x0000000765200000)
  from space 36352K, 96% used [0x0000000767680000,0x00000007698d8000,0x0000000769a00000)
  to   space 36864K, 0% used [0x0000000765200000,0x0000000765200000,0x0000000767600000)
 ParOldGen       total 259072K, used 205596K [0x0000000641c00000, 0x0000000651900000, 0x0000000740980000)
  object space 259072K, 79% used [0x0000000641c00000,0x000000064e4c71e0,0x0000000651900000)
 Metaspace       used 80451K, capacity 81184K, committed 81408K, reserved 1120256K
  class space    used 11271K, capacity 11444K, committed 11520K, reserved 1048576K
}
Event: 67.377 GC heap before
{Heap before GC invocations=60 (full 3):
 PSYoungGen      total 634880K, used 633696K [0x0000000740980000, 0x0000000769a00000, 0x00000007c0000000)
  eden space 598528K, 100% used [0x0000000740980000,0x0000000765200000,0x0000000765200000)
  from space 36352K, 96% used [0x0000000767680000,0x00000007698d8000,0x0000000769a00000)
  to   space 36864K, 0% used [0x0000000765200000,0x0000000765200000,0x0000000767600000)
 ParOldGen       total 259072K, used 205596K [0x0000000641c00000, 0x0000000651900000, 0x0000000740980000)
  object space 259072K, 79% used [0x0000000641c00000,0x000000064e4c71e0,0x0000000651900000)
 Metaspace       used 80954K, capacity 81682K, committed 81920K, reserved 1120256K
  class space    used 11318K, capacity 11478K, committed 11520K, reserved 1048576K
Event: 67.399 GC heap after
Heap after GC invocations=60 (full 3):
 PSYoungGen      total 635392K, used 36835K [0x0000000740980000, 0x0000000769a00000, 0x00000007c0000000)
  eden space 598528K, 0% used [0x0000000740980000,0x0000000740980000,0x0000000765200000)
  from space 36864K, 99% used [0x0000000765200000,0x00000007675f8c20,0x0000000767600000)
  to   space 36352K, 0% used [0x0000000767680000,0x0000000767680000,0x0000000769a00000)
 ParOldGen       total 259072K, used 210285K [0x0000000641c00000, 0x0000000651900000, 0x0000000740980000)
  object space 259072K, 81% used [0x0000000641c00000,0x000000064e95b718,0x0000000651900000)
 Metaspace       used 80954K, capacity 81682K, committed 81920K, reserved 1120256K
  class space    used 11318K, capacity 11478K, committed 11520K, reserved 1048576K
}
Event: 68.438 GC heap before
{Heap before GC invocations=61 (full 3):
 PSYoungGen      total 635392K, used 635363K [0x0000000740980000, 0x0000000769a00000, 0x00000007c0000000)
  eden space 598528K, 100% used [0x0000000740980000,0x0000000765200000,0x0000000765200000)
  from space 36864K, 99% used [0x0000000765200000,0x00000007675f8c20,0x0000000767600000)
  to   space 36352K, 0% used [0x0000000767680000,0x0000000767680000,0x0000000769a00000)
 ParOldGen       total 259072K, used 210285K [0x0000000641c00000, 0x0000000651900000, 0x0000000740980000)
  object space 259072K, 81% used [0x0000000641c00000,0x000000064e95b718,0x0000000651900000)
 Metaspace       used 82029K, capacity 82672K, committed 82944K, reserved 1120256K
  class space    used 11500K, capacity 11675K, committed 11776K, reserved 1048576K
Event: 68.460 GC heap after
Heap after GC invocations=61 (full 3):
 PSYoungGen      total 634880K, used 29574K [0x0000000740980000, 0x0000000769a00000, 0x00000007c0000000)
  eden space 598528K, 0% used [0x0000000740980000,0x0000000740980000,0x0000000765200000)
  from space 36352K, 81% used [0x0000000767680000,0x0000000769361900,0x0000000769a00000)
  to   space 36864K, 0% used [0x0000000765200000,0x0000000765200000,0x0000000767600000)
 ParOldGen       total 259072K, used 219901K [0x0000000641c00000, 0x0000000651900000, 0x0000000740980000)
  object space 259072K, 84% used [0x0000000641c00000,0x000000064f2bf718,0x0000000651900000)
 Metaspace       used 82029K, capacity 82672K, committed 82944K, reserved 1120256K
  class space    used 11500K, capacity 11675K, committed 11776K, reserved 1048576K
}

