# JRE version: Java(TM) SE Runtime Environment (8.0_131-b11) (build 1.8.0_131-b11)
# Java VM: Java HotSpot(TM) 64-Bit Server VM (25.131-b11 mixed mode windows-amd64 compressed oops)
Heap:
 PSYoungGen      total 1575936K, used 1443278K [0x0000000740980000, 0x00000007a7900000, 0x00000007c0000000)
  eden space 1469952K, 91% used [0x0000000740980000,0x00000007931b39b0,0x000000079a500000)
  from space 105984K, 86% used [0x000000079a500000,0x000000079fe40000,0x00000007a0c80000)
  to   space 104960K, 0% used [0x00000007a0c80000,0x00000007a0c80000,0x00000007a7300000)
 ParOldGen       total 262656K, used 145985K [0x0000000641c00000, 0x0000000651c80000, 0x0000000740980000)
  object space 262656K, 55% used [0x0000000641c00000,0x000000064aa904d0,0x0000000651c80000)
 Metaspace       used 85361K, capacity 86276K, committed 86528K, reserved 1124352K
  class space    used 11932K, capacity 12163K, committed 12288K, reserved 1048576K
GC Heap History (10 events):
Event: 162.288 GC heap before
{Heap before GC invocations=74 (full 5):
 PSYoungGen      total 1574912K, used 1512576K [0x0000000740980000, 0x00000007a7900000, 0x00000007c0000000)
  eden space 1469952K, 100% used [0x0000000740980000,0x000000079a500000,0x000000079a500000)
  from space 104960K, 40% used [0x00000007a0c80000,0x00000007a3620000,0x00000007a7300000)
  to   space 105984K, 0% used [0x000000079a500000,0x000000079a500000,0x00000007a0c80000)
 ParOldGen       total 262656K, used 145985K [0x0000000641c00000, 0x0000000651c80000, 0x0000000740980000)
  object space 262656K, 55% used [0x0000000641c00000,0x000000064aa904d0,0x0000000651c80000)
 Metaspace       used 84780K, capacity 85622K, committed 85888K, reserved 1122304K
  class space    used 11872K, capacity 12097K, committed 12160K, reserved 1048576K
Event: 162.320 GC heap after
Heap after GC invocations=74 (full 5):
 PSYoungGen      total 1575936K, used 51200K [0x0000000740980000, 0x00000007a7900000, 0x00000007c0000000)
  eden space 1469952K, 0% used [0x0000000740980000,0x0000000740980000,0x000000079a500000)
  from space 105984K, 48% used [0x000000079a500000,0x000000079d700000,0x00000007a0c80000)
  to   space 104960K, 0% used [0x00000007a0c80000,0x00000007a0c80000,0x00000007a7300000)
 ParOldGen       total 262656K, used 145985K [0x0000000641c00000, 0x0000000651c80000, 0x0000000740980000)
  object space 262656K, 55% used [0x0000000641c00000,0x000000064aa904d0,0x0000000651c80000)
 Metaspace       used 84780K, capacity 85622K, committed 85888K, reserved 1122304K
  class space    used 11872K, capacity 12097K, committed 12160K, reserved 1048576K
}
Event: 166.002 GC heap before
{Heap before GC invocations=75 (full 5):
 PSYoungGen      total 1575936K, used 1521152K [0x0000000740980000, 0x00000007a7900000, 0x00000007c0000000)
  eden space 1469952K, 100% used [0x0000000740980000,0x000000079a500000,0x000000079a500000)
  from space 105984K, 48% used [0x000000079a500000,0x000000079d700000,0x00000007a0c80000)
  to   space 104960K, 0% used [0x00000007a0c80000,0x00000007a0c80000,0x00000007a7300000)
 ParOldGen       total 262656K, used 145985K [0x0000000641c00000, 0x0000000651c80000, 0x0000000740980000)
  object space 262656K, 55% used [0x0000000641c00000,0x000000064aa904d0,0x0000000651c80000)
 Metaspace       used 84781K, capacity 85622K, committed 85888K, reserved 1122304K
  class space    used 11872K, capacity 12097K, committed 12160K, reserved 1048576K
Event: 166.039 GC heap after
Heap after GC invocations=75 (full 5):
 PSYoungGen      total 1574912K, used 59376K [0x0000000740980000, 0x00000007a7900000, 0x00000007c0000000)
  eden space 1469952K, 0% used [0x0000000740980000,0x0000000740980000,0x000000079a500000)
  from space 104960K, 56% used [0x00000007a0c80000,0x00000007a467c010,0x00000007a7300000)
  to   space 105984K, 0% used [0x000000079a500000,0x000000079a500000,0x00000007a0c80000)
 ParOldGen       total 262656K, used 145985K [0x0000000641c00000, 0x0000000651c80000, 0x0000000740980000)
  object space 262656K, 55% used [0x0000000641c00000,0x000000064aa904d0,0x0000000651c80000)
 Metaspace       used 84781K, capacity 85622K, committed 85888K, reserved 1122304K
  class space    used 11872K, capacity 12097K, committed 12160K, reserved 1048576K
}
Event: 169.003 GC heap before
{Heap before GC invocations=76 (full 5):
 PSYoungGen      total 1574912K, used 1529328K [0x0000000740980000, 0x00000007a7900000, 0x00000007c0000000)
  eden space 1469952K, 100% used [0x0000000740980000,0x000000079a500000,0x000000079a500000)
  from space 104960K, 56% used [0x00000007a0c80000,0x00000007a467c010,0x00000007a7300000)
  to   space 105984K, 0% used [0x000000079a500000,0x000000079a500000,0x00000007a0c80000)
 ParOldGen       total 262656K, used 145985K [0x0000000641c00000, 0x0000000651c80000, 0x0000000740980000)
  object space 262656K, 55% used [0x0000000641c00000,0x000000064aa904d0,0x0000000651c80000)
 Metaspace       used 84782K, capacity 85622K, committed 85888K, reserved 1122304K
  class space    used 11872K, capacity 12097K, committed 12160K, reserved 1048576K
Event: 169.049 GC heap after
Heap after GC invocations=76 (full 5):
 PSYoungGen      total 1575936K, used 69632K [0x0000000740980000, 0x00000007a7900000, 0x00000007c0000000)
  eden space 1469952K, 0% used [0x0000000740980000,0x0000000740980000,0x000000079a500000)
  from space 105984K, 65% used [0x000000079a500000,0x000000079e900000,0x00000007a0c80000)
  to   space 104960K, 0% used [0x00000007a0c80000,0x00000007a0c80000,0x00000007a7300000)
 ParOldGen       total 262656K, used 145985K [0x0000000641c00000, 0x0000000651c80000, 0x0000000740980000)
  object space 262656K, 55% used [0x0000000641c00000,0x000000064aa904d0,0x0000000651c80000)
 Metaspace       used 84782K, capacity 85622K, committed 85888K, reserved 1122304K
  class space    used 11872K, capacity 12097K, committed 12160K, reserved 1048576K
}
Event: 171.897 GC heap before
{Heap before GC invocations=77 (full 5):
 PSYoungGen      total 1575936K, used 1539584K [0x0000000740980000, 0x00000007a7900000, 0x00000007c0000000)
  eden space 1469952K, 100% used [0x0000000740980000,0x000000079a500000,0x000000079a500000)
  from space 105984K, 65% used [0x000000079a500000,0x000000079e900000,0x00000007a0c80000)
  to   space 104960K, 0% used [0x00000007a0c80000,0x00000007a0c80000,0x00000007a7300000)
 ParOldGen       total 262656K, used 145985K [0x0000000641c00000, 0x0000000651c80000, 0x0000000740980000)
  object space 262656K, 55% used [0x0000000641c00000,0x000000064aa904d0,0x0000000651c80000)
 Metaspace       used 84782K, capacity 85622K, committed 85888K, reserved 1122304K
  class space    used 11872K, capacity 12097K, committed 12160K, reserved 1048576K
Event: 171.943 GC heap after
Heap after GC invocations=77 (full 5):
 PSYoungGen      total 1574912K, used 81104K [0x0000000740980000, 0x00000007a7900000, 0x00000007c0000000)
  eden space 1469952K, 0% used [0x0000000740980000,0x0000000740980000,0x000000079a500000)
  from space 104960K, 77% used [0x00000007a0c80000,0x00000007a5bb4010,0x00000007a7300000)
  to   space 105984K, 0% used [0x000000079a500000,0x000000079a500000,0x00000007a0c80000)
 ParOldGen       total 262656K, used 145985K [0x0000000641c00000, 0x0000000651c80000, 0x0000000740980000)
  object space 262656K, 55% used [0x0000000641c00000,0x000000064aa904d0,0x0000000651c80000)
 Metaspace       used 84782K, capacity 85622K, committed 85888K, reserved 1122304K
  class space    used 11872K, capacity 12097K, committed 12160K, reserved 1048576K
}
Event: 174.647 GC heap before
{Heap before GC invocations=78 (full 5):
 PSYoungGen      total 1574912K, used 1551056K [0x0000000740980000, 0x00000007a7900000, 0x00000007c0000000)
  eden space 1469952K, 100% used [0x0000000740980000,0x000000079a500000,0x000000079a500000)
  from space 104960K, 77% used [0x00000007a0c80000,0x00000007a5bb4010,0x00000007a7300000)
  to   space 105984K, 0% used [0x000000079a500000,0x000000079a500000,0x00000007a0c80000)
 ParOldGen       total 262656K, used 145985K [0x0000000641c00000, 0x0000000651c80000, 0x0000000740980000)
  object space 262656K, 55% used [0x0000000641c00000,0x000000064aa904d0,0x0000000651c80000)
 Metaspace       used 84782K, capacity 85622K, committed 85888K, reserved 1122304K
  class space    used 11872K, capacity 12097K, committed 12160K, reserved 1048576K
Event: 174.704 GC heap after
Heap after GC invocations=78 (full 5):
 PSYoungGen      total 1575936K, used 91392K [0x0000000740980000, 0x00000007a7900000, 0x00000007c0000000)
  eden space 1469952K, 0% used [0x0000000740980000,0x0000000740980000,0x000000079a500000)
  from space 105984K, 86% used [0x000000079a500000,0x000000079fe40000,0x00000007a0c80000)
  to   space 104960K, 0% used [0x00000007a0c80000,0x00000007a0c80000,0x00000007a7300000)
 ParOldGen       total 262656K, used 145985K [0x0000000641c00000, 0x0000000651c80000, 0x0000000740980000)
  object space 262656K, 55% used [0x0000000641c00000,0x000000064aa904d0,0x0000000651c80000)
 Metaspace       used 84782K, capacity 85622K, committed 85888K, reserved 1122304K
  class space    used 11872K, capacity 12097K, committed 12160K, reserved 1048576K
}

